[0.387s] Invoking command in '/root/dev_ws/src/alter': PYTHONPATH=/root/dev_ws/install/alter/lib/python3.8/site-packages:${PYTHONPATH} /usr/bin/python3 setup.py egg_info --egg-base ../../build/alter build --build-base /root/dev_ws/build/alter/build install --prefix /root/dev_ws/install/alter --record /root/dev_ws/build/alter/install.log --single-version-externally-managed
[0.468s] running egg_info
[0.471s] writing ../../build/alter/alter.egg-info/PKG-INFO
[0.474s] writing dependency_links to ../../build/alter/alter.egg-info/dependency_links.txt
[0.478s] writing entry points to ../../build/alter/alter.egg-info/entry_points.txt
[0.481s] writing requirements to ../../build/alter/alter.egg-info/requires.txt
[0.484s] writing top-level names to ../../build/alter/alter.egg-info/top_level.txt
[0.514s] reading manifest file '../../build/alter/alter.egg-info/SOURCES.txt'
[0.521s] writing manifest file '../../build/alter/alter.egg-info/SOURCES.txt'
[0.524s] running build
[0.526s] running build_py
[0.530s] copying alter/publish.py -> /root/dev_ws/build/alter/build/lib/alter
[0.532s] running install
[0.536s] running install_lib
[0.540s] copying /root/dev_ws/build/alter/build/lib/alter/publish.py -> /root/dev_ws/install/alter/lib/python3.8/site-packages/alter
[0.549s] byte-compiling /root/dev_ws/install/alter/lib/python3.8/site-packages/alter/publish.py to publish.cpython-38.pyc
[0.555s] running install_data
[0.557s] running install_egg_info
[0.559s] removing '/root/dev_ws/install/alter/lib/python3.8/site-packages/alter-0.0.0-py3.8.egg-info' (and everything under it)
[0.564s] Copying ../../build/alter/alter.egg-info to /root/dev_ws/install/alter/lib/python3.8/site-packages/alter-0.0.0-py3.8.egg-info
[0.627s] running install_scripts
[0.641s] Installing publisher script to /root/dev_ws/install/alter/lib/alter
[0.646s] writing list of installed files to '/root/dev_ws/build/alter/install.log'
[0.661s] Invoked command in '/root/dev_ws/src/alter' returned '0': PYTHONPATH=/root/dev_ws/install/alter/lib/python3.8/site-packages:${PYTHONPATH} /usr/bin/python3 setup.py egg_info --egg-base ../../build/alter build --build-base /root/dev_ws/build/alter/build install --prefix /root/dev_ws/install/alter --record /root/dev_ws/build/alter/install.log --single-version-externally-managed
