running egg_info
creating ../../build/alter/alter.egg-info
writing ../../build/alter/alter.egg-info/PKG-INFO
writing dependency_links to ../../build/alter/alter.egg-info/dependency_links.txt
writing entry points to ../../build/alter/alter.egg-info/entry_points.txt
writing requirements to ../../build/alter/alter.egg-info/requires.txt
writing top-level names to ../../build/alter/alter.egg-info/top_level.txt
writing manifest file '../../build/alter/alter.egg-info/SOURCES.txt'
reading manifest file '../../build/alter/alter.egg-info/SOURCES.txt'
writing manifest file '../../build/alter/alter.egg-info/SOURCES.txt'
running build
running build_py
creating /root/dev_ws/build/alter/build
creating /root/dev_ws/build/alter/build/lib
creating /root/dev_ws/build/alter/build/lib/alter
copying alter/__init__.py -> /root/dev_ws/build/alter/build/lib/alter
copying alter/publish.py -> /root/dev_ws/build/alter/build/lib/alter
running install
running install_lib
creating /root/dev_ws/install/alter/lib/python3.8/site-packages/alter
copying /root/dev_ws/build/alter/build/lib/alter/__init__.py -> /root/dev_ws/install/alter/lib/python3.8/site-packages/alter
copying /root/dev_ws/build/alter/build/lib/alter/publish.py -> /root/dev_ws/install/alter/lib/python3.8/site-packages/alter
byte-compiling /root/dev_ws/install/alter/lib/python3.8/site-packages/alter/__init__.py to __init__.cpython-38.pyc
byte-compiling /root/dev_ws/install/alter/lib/python3.8/site-packages/alter/publish.py to publish.cpython-38.pyc
running install_data
creating /root/dev_ws/install/alter/share/ament_index
creating /root/dev_ws/install/alter/share/ament_index/resource_index
creating /root/dev_ws/install/alter/share/ament_index/resource_index/packages
copying resource/alter -> /root/dev_ws/install/alter/share/ament_index/resource_index/packages
copying package.xml -> /root/dev_ws/install/alter/share/alter
running install_egg_info
Copying ../../build/alter/alter.egg-info to /root/dev_ws/install/alter/lib/python3.8/site-packages/alter-0.0.0-py3.8.egg-info
running install_scripts
Installing publisher script to /root/dev_ws/install/alter/lib/alter
writing list of installed files to '/root/dev_ws/build/alter/install.log'
